# JRE version: Java(TM) SE Runtime Environment (8.0_131-b11) (build 1.8.0_131-b11)
# Java VM: Java HotSpot(TM) Client VM (25.131-b11 mixed mode, sharing windows-x86 )
Heap:
 def new generation   total 4928K, used 3364K [0x04c00000, 0x05150000, 0x0a150000)
  eden space 4416K,  73% used [0x04c00000, 0x04f2efc8, 0x05050000)
  from space 512K,  20% used [0x050d0000, 0x050ea1e0, 0x05150000)
  to   space 512K,   0% used [0x05050000, 0x05050000, 0x050d0000)
 tenured generation   total 10944K, used 2464K [0x0a150000, 0x0ac00000, 0x14c00000)
   the space 10944K,  22% used [0x0a150000, 0x0a3b8040, 0x0a3b8200, 0x0ac00000)
 Metaspace       used 2146K, capacity 3425K, committed 3520K, reserved 4480K
GC Heap History (10 events):
Event: 80.513 GC heap before
{Heap before GC invocations=6 (full 0):
 def new generation   total 4928K, used 4883K [0x04c00000, 0x05150000, 0x0a150000)
  eden space 4416K,  99% used [0x04c00000, 0x05048ea0, 0x05050000)
  from space 512K,  96% used [0x05050000, 0x050cbd88, 0x050d0000)
  to   space 512K,   0% used [0x050d0000, 0x050d0000, 0x05150000)
 tenured generation   total 10944K, used 1839K [0x0a150000, 0x0ac00000, 0x14c00000)
   the space 10944K,  16% used [0x0a150000, 0x0a31bd18, 0x0a31be00, 0x0ac00000)
 Metaspace       used 1680K, capacity 3041K, committed 3136K, reserved 4480K
Event: 80.515 GC heap after
Heap after GC invocations=7 (full 0):
 def new generation   total 4928K, used 512K [0x04c00000, 0x05150000, 0x0a150000)
  eden space 4416K,   0% used [0x04c00000, 0x04c00000, 0x05050000)
  from space 512K, 100% used [0x050d0000, 0x05150000, 0x05150000)
  to   space 512K,   0% used [0x05050000, 0x05050000, 0x050d0000)
 tenured generation   total 10944K, used 2213K [0x0a150000, 0x0ac00000, 0x14c00000)
   the space 10944K,  20% used [0x0a150000, 0x0a379400, 0x0a379400, 0x0ac00000)
 Metaspace       used 1680K, capacity 3041K, committed 3136K, reserved 4480K
}
Event: 122.546 GC heap before
{Heap before GC invocations=7 (full 0):
 def new generation   total 4928K, used 4928K [0x04c00000, 0x05150000, 0x0a150000)
  eden space 4416K, 100% used [0x04c00000, 0x05050000, 0x05050000)
  from space 512K, 100% used [0x050d0000, 0x05150000, 0x05150000)
  to   space 512K,   0% used [0x05050000, 0x05050000, 0x050d0000)
 tenured generation   total 10944K, used 2213K [0x0a150000, 0x0ac00000, 0x14c00000)
   the space 10944K,  20% used [0x0a150000, 0x0a379400, 0x0a379400, 0x0ac00000)
 Metaspace       used 1780K, capacity 3137K, committed 3264K, reserved 4480K
Event: 122.548 GC heap after
Heap after GC invocations=8 (full 0):
 def new generation   total 4928K, used 133K [0x04c00000, 0x05150000, 0x0a150000)
  eden space 4416K,   0% used [0x04c00000, 0x04c00000, 0x05050000)
  from space 512K,  26% used [0x05050000, 0x05071690, 0x050d0000)
  to   space 512K,   0% used [0x050d0000, 0x050d0000, 0x05150000)
 tenured generation   total 10944K, used 2346K [0x0a150000, 0x0ac00000, 0x14c00000)
   the space 10944K,  21% used [0x0a150000, 0x0a39a818, 0x0a39aa00, 0x0ac00000)
 Metaspace       used 1780K, capacity 3137K, committed 3264K, reserved 4480K
}
Event: 124.546 GC heap before
{Heap before GC invocations=8 (full 0):
 def new generation   total 4928K, used 4549K [0x04c00000, 0x05150000, 0x0a150000)
  eden space 4416K, 100% used [0x04c00000, 0x05050000, 0x05050000)
  from space 512K,  26% used [0x05050000, 0x05071690, 0x050d0000)
  to   space 512K,   0% used [0x050d0000, 0x050d0000, 0x05150000)
 tenured generation   total 10944K, used 2346K [0x0a150000, 0x0ac00000, 0x14c00000)
   the space 10944K,  21% used [0x0a150000, 0x0a39a818, 0x0a39aa00, 0x0ac00000)
 Metaspace       used 2142K, capacity 3425K, committed 3520K, reserved 4480K
Event: 124.548 GC heap after
Heap after GC invocations=9 (full 0):
 def new generation   total 4928K, used 500K [0x04c00000, 0x05150000, 0x0a150000)
  eden space 4416K,   0% used [0x04c00000, 0x04c00000, 0x05050000)
  from space 512K,  97% used [0x050d0000, 0x0514d3b0, 0x05150000)
  to   space 512K,   0% used [0x05050000, 0x05050000, 0x050d0000)
 tenured generation   total 10944K, used 2346K [0x0a150000, 0x0ac00000, 0x14c00000)
   the space 10944K,  21% used [0x0a150000, 0x0a39a818, 0x0a39aa00, 0x0ac00000)
 Metaspace       used 2142K, capacity 3425K, committed 3520K, reserved 4480K
}
Event: 142.576 GC heap before
{Heap before GC invocations=9 (full 0):
 def new generation   total 4928K, used 4913K [0x04c00000, 0x05150000, 0x0a150000)
  eden space 4416K,  99% used [0x04c00000, 0x0504f118, 0x05050000)
  from space 512K,  97% used [0x050d0000, 0x0514d3b0, 0x05150000)
  to   space 512K,   0% used [0x05050000, 0x05050000, 0x050d0000)
 tenured generation   total 10944K, used 2346K [0x0a150000, 0x0ac00000, 0x14c00000)
   the space 10944K,  21% used [0x0a150000, 0x0a39a818, 0x0a39aa00, 0x0ac00000)
 Metaspace       used 2146K, capacity 3425K, committed 3520K, reserved 4480K
Event: 142.577 GC heap after
Heap after GC invocations=10 (full 0):
 def new generation   total 4928K, used 66K [0x04c00000, 0x05150000, 0x0a150000)
  eden space 4416K,   0% used [0x04c00000, 0x04c00000, 0x05050000)
  from space 512K,  12% used [0x05050000, 0x05060878, 0x050d0000)
  to   space 512K,   0% used [0x050d0000, 0x050d0000, 0x05150000)
 tenured generation   total 10944K, used 2464K [0x0a150000, 0x0ac00000, 0x14c00000)
   the space 10944K,  22% used [0x0a150000, 0x0a3b8040, 0x0a3b8200, 0x0ac00000)
 Metaspace       used 2146K, capacity 3425K, committed 3520K, reserved 4480K
}
Event: 192.589 GC heap before
{Heap before GC invocations=10 (full 0):
 def new generation   total 4928K, used 4468K [0x04c00000, 0x05150000, 0x0a150000)
  eden space 4416K,  99% used [0x04c00000, 0x0504cac0, 0x05050000)
  from space 512K,  12% used [0x05050000, 0x05060878, 0x050d0000)
  to   space 512K,   0% used [0x050d0000, 0x050d0000, 0x05150000)
 tenured generation   total 10944K, used 2464K [0x0a150000, 0x0ac00000, 0x14c00000)
   the space 10944K,  22% used [0x0a150000, 0x0a3b8040, 0x0a3b8200, 0x0ac00000)
 Metaspace       used 2146K, capacity 3425K, committed 3520K, reserved 4480K
Event: 192.590 GC heap after
Heap after GC invocations=11 (full 0):
 def new generation   total 4928K, used 104K [0x04c00000, 0x05150000, 0x0a150000)
  eden space 4416K,   0% used [0x04c00000, 0x04c00000, 0x05050000)
  from space 512K,  20% used [0x050d0000, 0x050ea1e0, 0x05150000)
  to   space 512K,   0% used [0x05050000, 0x05050000, 0x050d0000)
 tenured generation   total 10944K, used 2464K [0x0a150000, 0x0ac00000, 0x14c00000)
   the space 10944K,  22% used [0x0a150000, 0x0a3b8040, 0x0a3b8200, 0x0ac00000)
 Metaspace       used 2146K, capacity 3425K, committed 3520K, reserved 4480K
}

